<?xml version="1.0" encoding="UTF-8"?><TestSessionContainer xmlns="http://www.codecover.org/xml/testsession-container" Date="1448613998467" TestSessionContainerId="babc604d-d75a-4d51-ad15-ab4dd33e387f" version="1.0">
<SrcFileList>
<SrcFile Content="public class Calculator {&#13;&#10;&#13;&#10;&#9;public int det(int[][] m) {&#13;&#10;&#9;&#9;int det = 0;&#13;&#10;&#9;&#9;int n = getDim(m);&#13;&#10;&#13;&#10;&#9;&#9;if (n == 1) {&#13;&#10;&#9;&#9;&#9;det = m[0][0];&#13;&#10;&#9;&#9;&#9;return det;&#13;&#10;&#9;&#9;} else {&#13;&#10;&#9;&#9;&#9;int[] first = m[0];&#13;&#10;&#9;&#9;&#9;for (int i = 0; i &lt; first.length; i++) {&#13;&#10;&#9;&#9;&#9;&#9;int colFak = first[i];&#13;&#10;&#9;&#9;&#9;&#9;if (i % 2 == 1) {&#13;&#10;&#9;&#9;&#9;&#9;&#9;colFak *= -1;&#13;&#10;&#9;&#9;&#9;&#9;}&#13;&#10;&#9;&#9;&#9;&#9;int[][] subm = getSubmatrix(m, i);&#13;&#10;&#9;&#9;&#9;&#9;det += colFak * det(subm);&#13;&#10;&#9;&#9;&#9;}&#13;&#10;&#9;&#9;}&#13;&#10;&#9;&#9;return det;&#13;&#10;&#9;}&#13;&#10;&#13;&#10;&#9;private int[][] getSubmatrix(int[][] m, int ignoreCol) {&#13;&#10;&#9;&#9;int dim = getDim(m);&#13;&#10;&#9;&#9;int subm[][] = new int[dim - 1][dim - 1];&#13;&#10;&#13;&#10;&#9;&#9;for (int i = 1; i &lt; m.length; i++) {&#13;&#10;&#9;&#9;&#9;for (int j = 0; j &lt; m[i].length; j++) {&#13;&#10;&#9;&#9;&#9;&#9;if (j &lt; ignoreCol) {&#13;&#10;&#9;&#9;&#9;&#9;&#9;subm[i - 1][j] = m[i][j];&#13;&#10;&#9;&#9;&#9;&#9;} else if (j &gt; ignoreCol) {&#13;&#10;&#9;&#9;&#9;&#9;&#9;subm[i - 1][j - 1] = m[i][j];&#13;&#10;&#9;&#9;&#9;&#9;} else {&#13;&#10;&#9;&#9;&#9;&#9;&#9;continue;&#13;&#10;&#9;&#9;&#9;&#9;}&#13;&#10;&#9;&#9;&#9;}&#13;&#10;&#9;&#9;}&#13;&#10;&#13;&#10;&#9;&#9;return subm;&#13;&#10;&#9;}&#13;&#10;&#13;&#10;&#9;private int getDim(int[][] matrix) {&#13;&#10;&#9;&#9;return matrix.length;&#13;&#10;&#9;}&#13;&#10;&#13;&#10;}&#13;&#10;" Filename="Calculator.java" Intrnl_Id="1"/>
</SrcFileList>
<CritList>
<CritListEntry Name="org.codecover.model.utils.criteria.BranchCoverage" PluginName="org.codecover"/>
</CritList>
<BoolOpList/>
<HierarchyLvlTypeList>
<HierarchyLvlType EnglishName="method" IntrnlName="method" Intrnl_Id="2"/>
<HierarchyLvlType EnglishName="class" IntrnlName="class" Intrnl_Id="3"/>
<HierarchyLvlType EnglishName="default package" IntrnlName="default package" Intrnl_Id="4"/>
</HierarchyLvlTypeList>
<MASTRoot>
<HierarchyLvl HierarchyLvlId="23" HierarchyLvlTypeId="4" Intrnl_Id="5" Name="default package">
<Header/>
<LocList/>
<HierarchyLvl HierarchyLvlId="22" HierarchyLvlTypeId="3" Intrnl_Id="6" Name="Calculator">
<Header>
<Loc EndOffset="23" SrcFileId="1" StartOffset="0"/>
</Header>
<LocList>
<Loc EndOffset="898" SrcFileId="1" StartOffset="0"/>
</LocList>
<HierarchyLvl HierarchyLvlId="19" HierarchyLvlTypeId="2" Intrnl_Id="7" Name="det">
<Header>
<Loc EndOffset="55" SrcFileId="1" StartOffset="30"/>
</Header>
<LocList>
<Loc EndOffset="410" SrcFileId="1" StartOffset="30"/>
</LocList>
<StmntSeq Intrnl_Id="8">
<LocList>
<Loc EndOffset="73" SrcFileId="1" StartOffset="61"/>
<Loc EndOffset="95" SrcFileId="1" StartOffset="77"/>
<Loc EndOffset="391" SrcFileId="1" StartOffset="101"/>
<Loc EndOffset="406" SrcFileId="1" StartOffset="395"/>
</LocList>
<BasicStmnt CovItemId="S1" CovItemPrefix="Calculator.java" Intrnl_Id="9">
<LocList>
<Loc EndOffset="73" SrcFileId="1" StartOffset="61"/>
</LocList>
</BasicStmnt>
<BasicStmnt CovItemId="S2" CovItemPrefix="Calculator.java" Intrnl_Id="10">
<LocList>
<Loc EndOffset="95" SrcFileId="1" StartOffset="77"/>
</LocList>
</BasicStmnt>
<CondStmnt CovItemId="S3" CovItemPrefix="Calculator.java" Intrnl_Id="11">
<Branch CovItemId="B1" CovItemPrefix="Calculator.java" Implct="false" Intrnl_Id="12">
<Cond/>
<LocList>
<Loc EndOffset="154" SrcFileId="1" StartOffset="113"/>
</LocList>
<StmntSeq Intrnl_Id="13">
<LocList>
<Loc EndOffset="133" SrcFileId="1" StartOffset="119"/>
<Loc EndOffset="149" SrcFileId="1" StartOffset="138"/>
</LocList>
<BasicStmnt CovItemId="S4" CovItemPrefix="Calculator.java" Intrnl_Id="14">
<LocList>
<Loc EndOffset="133" SrcFileId="1" StartOffset="119"/>
</LocList>
</BasicStmnt>
<BasicStmnt CovItemId="S5" CovItemPrefix="Calculator.java" Intrnl_Id="15">
<LocList>
<Loc EndOffset="149" SrcFileId="1" StartOffset="138"/>
</LocList>
</BasicStmnt>
</StmntSeq>
</Branch>
<Branch CovItemId="B2" CovItemPrefix="Calculator.java" Implct="false" Intrnl_Id="16">
<Cond>
<Loc EndOffset="159" SrcFileId="1" StartOffset="155"/>
</Cond>
<LocList>
<Loc EndOffset="391" SrcFileId="1" StartOffset="160"/>
</LocList>
<StmntSeq Intrnl_Id="17">
<LocList>
<Loc EndOffset="185" SrcFileId="1" StartOffset="166"/>
<Loc EndOffset="386" SrcFileId="1" StartOffset="190"/>
</LocList>
<BasicStmnt CovItemId="S6" CovItemPrefix="Calculator.java" Intrnl_Id="18">
<LocList>
<Loc EndOffset="185" SrcFileId="1" StartOffset="166"/>
</LocList>
</BasicStmnt>
<LoopStmnt CovItemId="S7" CovItemPrefix="Calculator.java" Intrnl_Id="19" MltplExecId="L1-2" MltplExecPrefix="Calculator.java" NvrExecId="L1-0" NvrExecPrefix="Calculator.java" OnceExecutedId="L1-1" OnceExecutedPrefix="Calculator.java" OptBodyExec="true">
<StmntSeq Intrnl_Id="20">
<LocList>
<Loc EndOffset="258" SrcFileId="1" StartOffset="236"/>
<Loc EndOffset="308" SrcFileId="1" StartOffset="264"/>
<Loc EndOffset="348" SrcFileId="1" StartOffset="314"/>
<Loc EndOffset="380" SrcFileId="1" StartOffset="354"/>
</LocList>
<BasicStmnt CovItemId="S8" CovItemPrefix="Calculator.java" Intrnl_Id="21">
<LocList>
<Loc EndOffset="258" SrcFileId="1" StartOffset="236"/>
</LocList>
</BasicStmnt>
<CondStmnt CovItemId="S9" CovItemPrefix="Calculator.java" Intrnl_Id="22">
<Branch CovItemId="B3" CovItemPrefix="Calculator.java" Implct="false" Intrnl_Id="23">
<Cond/>
<LocList>
<Loc EndOffset="308" SrcFileId="1" StartOffset="280"/>
</LocList>
<StmntSeq Intrnl_Id="24">
<LocList>
<Loc EndOffset="301" SrcFileId="1" StartOffset="288"/>
</LocList>
<BasicStmnt CovItemId="S10" CovItemPrefix="Calculator.java" Intrnl_Id="25">
<LocList>
<Loc EndOffset="301" SrcFileId="1" StartOffset="288"/>
</LocList>
</BasicStmnt>
</StmntSeq>
</Branch>
<Branch CovItemId="B4" CovItemPrefix="Calculator.java" Implct="true" Intrnl_Id="26">
<Cond/>
<LocList/>
<StmntSeq Intrnl_Id="27">
<LocList/>
</StmntSeq>
</Branch>
<Keyword EndOffset="266" SrcFileId="1" StartOffset="264"/>
<LocList>
<Loc EndOffset="308" SrcFileId="1" StartOffset="264"/>
</LocList>
</CondStmnt>
<BasicStmnt CovItemId="S11" CovItemPrefix="Calculator.java" Intrnl_Id="28">
<LocList>
<Loc EndOffset="348" SrcFileId="1" StartOffset="314"/>
</LocList>
</BasicStmnt>
<BasicStmnt CovItemId="S12" CovItemPrefix="Calculator.java" Intrnl_Id="29">
<LocList>
<Loc EndOffset="380" SrcFileId="1" StartOffset="354"/>
</LocList>
</BasicStmnt>
</StmntSeq>
<Keyword EndOffset="193" SrcFileId="1" StartOffset="190"/>
<LocList>
<Loc EndOffset="386" SrcFileId="1" StartOffset="190"/>
</LocList>
</LoopStmnt>
</StmntSeq>
</Branch>
<Keyword EndOffset="103" SrcFileId="1" StartOffset="101"/>
<LocList>
<Loc EndOffset="391" SrcFileId="1" StartOffset="101"/>
</LocList>
</CondStmnt>
<BasicStmnt CovItemId="S13" CovItemPrefix="Calculator.java" Intrnl_Id="30">
<LocList>
<Loc EndOffset="406" SrcFileId="1" StartOffset="395"/>
</LocList>
</BasicStmnt>
</StmntSeq>
</HierarchyLvl>
<HierarchyLvl HierarchyLvlId="20" HierarchyLvlTypeId="2" Intrnl_Id="31" Name="getSubmatrix">
<Header>
<Loc EndOffset="469" SrcFileId="1" StartOffset="415"/>
</Header>
<LocList>
<Loc EndOffset="823" SrcFileId="1" StartOffset="415"/>
</LocList>
<StmntSeq Intrnl_Id="32">
<LocList>
<Loc EndOffset="495" SrcFileId="1" StartOffset="475"/>
<Loc EndOffset="540" SrcFileId="1" StartOffset="499"/>
<Loc EndOffset="801" SrcFileId="1" StartOffset="546"/>
<Loc EndOffset="819" SrcFileId="1" StartOffset="807"/>
</LocList>
<BasicStmnt CovItemId="S14" CovItemPrefix="Calculator.java" Intrnl_Id="33">
<LocList>
<Loc EndOffset="495" SrcFileId="1" StartOffset="475"/>
</LocList>
</BasicStmnt>
<BasicStmnt CovItemId="S15" CovItemPrefix="Calculator.java" Intrnl_Id="34">
<LocList>
<Loc EndOffset="540" SrcFileId="1" StartOffset="499"/>
</LocList>
</BasicStmnt>
<LoopStmnt CovItemId="S16" CovItemPrefix="Calculator.java" Intrnl_Id="35" MltplExecId="L2-2" MltplExecPrefix="Calculator.java" NvrExecId="L2-0" NvrExecPrefix="Calculator.java" OnceExecutedId="L2-1" OnceExecutedPrefix="Calculator.java" OptBodyExec="true">
<StmntSeq Intrnl_Id="36">
<LocList>
<Loc EndOffset="796" SrcFileId="1" StartOffset="587"/>
</LocList>
<LoopStmnt CovItemId="S17" CovItemPrefix="Calculator.java" Intrnl_Id="37" MltplExecId="L3-2" MltplExecPrefix="Calculator.java" NvrExecId="L3-0" NvrExecPrefix="Calculator.java" OnceExecutedId="L3-1" OnceExecutedPrefix="Calculator.java" OptBodyExec="true">
<StmntSeq Intrnl_Id="38">
<LocList>
<Loc EndOffset="790" SrcFileId="1" StartOffset="632"/>
</LocList>
<CondStmnt CovItemId="S18" CovItemPrefix="Calculator.java" Intrnl_Id="39">
<Branch CovItemId="B5" CovItemPrefix="Calculator.java" Implct="false" Intrnl_Id="40">
<Cond/>
<LocList>
<Loc EndOffset="691" SrcFileId="1" StartOffset="651"/>
</LocList>
<StmntSeq Intrnl_Id="41">
<LocList>
<Loc EndOffset="684" SrcFileId="1" StartOffset="659"/>
</LocList>
<BasicStmnt CovItemId="S19" CovItemPrefix="Calculator.java" Intrnl_Id="42">
<LocList>
<Loc EndOffset="684" SrcFileId="1" StartOffset="659"/>
</LocList>
</BasicStmnt>
</StmntSeq>
</Branch>
<Branch CovItemId="B6" CovItemPrefix="Calculator.java" Implct="false" Intrnl_Id="43">
<Cond>
<Loc EndOffset="696" SrcFileId="1" StartOffset="692"/>
</Cond>
<LocList>
<Loc EndOffset="790" SrcFileId="1" StartOffset="697"/>
</LocList>
<StmntSeq Intrnl_Id="44">
<LocList>
<Loc EndOffset="790" SrcFileId="1" StartOffset="697"/>
</LocList>
<CondStmnt CovItemId="S20" CovItemPrefix="Calculator.java" Intrnl_Id="45">
<Branch CovItemId="B7" CovItemPrefix="Calculator.java" Implct="false" Intrnl_Id="46">
<Cond/>
<LocList>
<Loc EndOffset="760" SrcFileId="1" StartOffset="716"/>
</LocList>
<StmntSeq Intrnl_Id="47">
<LocList>
<Loc EndOffset="753" SrcFileId="1" StartOffset="724"/>
</LocList>
<BasicStmnt CovItemId="S21" CovItemPrefix="Calculator.java" Intrnl_Id="48">
<LocList>
<Loc EndOffset="753" SrcFileId="1" StartOffset="724"/>
</LocList>
</BasicStmnt>
</StmntSeq>
</Branch>
<Branch CovItemId="B8" CovItemPrefix="Calculator.java" Implct="false" Intrnl_Id="49">
<Cond>
<Loc EndOffset="765" SrcFileId="1" StartOffset="761"/>
</Cond>
<LocList>
<Loc EndOffset="790" SrcFileId="1" StartOffset="766"/>
</LocList>
<StmntSeq Intrnl_Id="50">
<LocList>
<Loc EndOffset="783" SrcFileId="1" StartOffset="774"/>
</LocList>
<BasicStmnt CovItemId="S22" CovItemPrefix="Calculator.java" Intrnl_Id="51">
<LocList>
<Loc EndOffset="783" SrcFileId="1" StartOffset="774"/>
</LocList>
</BasicStmnt>
</StmntSeq>
</Branch>
<Keyword EndOffset="699" SrcFileId="1" StartOffset="697"/>
<LocList>
<Loc EndOffset="790" SrcFileId="1" StartOffset="697"/>
</LocList>
</CondStmnt>
</StmntSeq>
</Branch>
<Keyword EndOffset="634" SrcFileId="1" StartOffset="632"/>
<LocList>
<Loc EndOffset="790" SrcFileId="1" StartOffset="632"/>
</LocList>
</CondStmnt>
</StmntSeq>
<Keyword EndOffset="590" SrcFileId="1" StartOffset="587"/>
<LocList>
<Loc EndOffset="796" SrcFileId="1" StartOffset="587"/>
</LocList>
</LoopStmnt>
</StmntSeq>
<Keyword EndOffset="549" SrcFileId="1" StartOffset="546"/>
<LocList>
<Loc EndOffset="801" SrcFileId="1" StartOffset="546"/>
</LocList>
</LoopStmnt>
<BasicStmnt CovItemId="S23" CovItemPrefix="Calculator.java" Intrnl_Id="52">
<LocList>
<Loc EndOffset="819" SrcFileId="1" StartOffset="807"/>
</LocList>
</BasicStmnt>
</StmntSeq>
</HierarchyLvl>
<HierarchyLvl HierarchyLvlId="21" HierarchyLvlTypeId="2" Intrnl_Id="53" Name="getDim">
<Header>
<Loc EndOffset="862" SrcFileId="1" StartOffset="828"/>
</Header>
<LocList>
<Loc EndOffset="893" SrcFileId="1" StartOffset="828"/>
</LocList>
<StmntSeq Intrnl_Id="54">
<LocList>
<Loc EndOffset="889" SrcFileId="1" StartOffset="868"/>
</LocList>
<BasicStmnt CovItemId="S24" CovItemPrefix="Calculator.java" Intrnl_Id="55">
<LocList>
<Loc EndOffset="889" SrcFileId="1" StartOffset="868"/>
</LocList>
</BasicStmnt>
</StmntSeq>
</HierarchyLvl>
</HierarchyLvl>
</HierarchyLvl>
</MASTRoot>
</TestSessionContainer>
