<?xml version="1.0" encoding="UTF-8"?><TestSessionContainer xmlns="http://www.codecover.org/xml/testsession-container" Date="1448613996517" TestSessionContainerId="ba2bbf11-0e4b-4988-884b-ec577fd6634f" version="1.0">
<SrcFileList>
<SrcFile Content="public class Calculator {&#13;&#10;&#13;&#10;&#9;public int det(int[][] m) {&#13;&#10;&#9;&#9;int det = 0;&#13;&#10;&#9;&#9;int n = getDim(m);&#13;&#10;&#9;&#9;&#13;&#10;&#9;&#9;if (n == 1) {&#13;&#10;&#9;&#9;&#9;det = m[0][0];&#13;&#10;&#9;&#9;&#9;return det;&#13;&#10;&#9;&#9;} else {&#13;&#10;&#9;&#9;&#9;int[] first = m[0];&#13;&#10;&#9;&#9;&#9;for (int i = 0; i &lt; first.length; i++) {&#13;&#10;&#9;&#9;&#9;&#9;int colFak = first[i];&#13;&#10;&#9;&#9;&#9;&#9;if (i % 2 == 1) {&#13;&#10;&#9;&#9;&#9;&#9;&#9;colFak *= -1;&#13;&#10;&#9;&#9;&#9;&#9;}&#13;&#10;&#9;&#9;&#9;&#9;int[][] subm = getSubmatrix(m, i);&#13;&#10;&#9;&#9;&#9;&#9;det += colFak * det(subm);&#13;&#10;&#9;&#9;&#9;}&#13;&#10;&#9;&#9;}&#13;&#10;&#9;&#9;return det;&#13;&#10;&#9;}&#13;&#10;&#13;&#10;&#9;private int[][] getSubmatrix(int[][] m, int ignoreCol) {&#13;&#10;&#9;&#9;int dim = getDim(m);&#13;&#10;&#9;&#9;int subm[][] = new int[dim - 1][dim - 1];&#13;&#10;&#13;&#10;&#9;&#9;for (int i = 1; i &lt; m.length; i++) {&#13;&#10;&#9;&#9;&#9;for (int j = 0; j &lt; m[i].length; j++) {&#13;&#10;&#9;&#9;&#9;&#9;if (j &lt; ignoreCol) {&#13;&#10;&#9;&#9;&#9;&#9;&#9;subm[i - 1][j] = m[i][j];&#13;&#10;&#9;&#9;&#9;&#9;} else if (j &gt; ignoreCol) {&#13;&#10;&#9;&#9;&#9;&#9;&#9;subm[i - 1][j - 1] = m[i][j];&#13;&#10;&#9;&#9;&#9;&#9;} else {&#13;&#10;&#9;&#9;&#9;&#9;&#9;continue;&#13;&#10;&#9;&#9;&#9;&#9;}&#13;&#10;&#9;&#9;&#9;}&#13;&#10;&#9;&#9;}&#13;&#10;&#13;&#10;&#9;&#9;return subm;&#13;&#10;&#9;}&#13;&#10;&#13;&#10;&#9;private int getDim(int[][] matrix) {&#13;&#10;&#9;&#9;return matrix.length;&#13;&#10;&#9;}&#13;&#10;&#13;&#10;}&#13;&#10;" Filename="Calculator.java" Intrnl_Id="1"/>
</SrcFileList>
<CritList>
<CritListEntry Name="org.codecover.model.utils.criteria.BranchCoverage" PluginName="org.codecover"/>
</CritList>
<BoolOpList/>
<HierarchyLvlTypeList>
<HierarchyLvlType EnglishName="method" IntrnlName="method" Intrnl_Id="2"/>
<HierarchyLvlType EnglishName="class" IntrnlName="class" Intrnl_Id="3"/>
<HierarchyLvlType EnglishName="default package" IntrnlName="default package" Intrnl_Id="4"/>
</HierarchyLvlTypeList>
<MASTRoot>
<HierarchyLvl HierarchyLvlId="18" HierarchyLvlTypeId="4" Intrnl_Id="5" Name="default package">
<Header/>
<LocList/>
<HierarchyLvl HierarchyLvlId="17" HierarchyLvlTypeId="3" Intrnl_Id="6" Name="Calculator">
<Header>
<Loc EndOffset="23" SrcFileId="1" StartOffset="0"/>
</Header>
<LocList>
<Loc EndOffset="900" SrcFileId="1" StartOffset="0"/>
</LocList>
<HierarchyLvl HierarchyLvlId="14" HierarchyLvlTypeId="2" Intrnl_Id="7" Name="det">
<Header>
<Loc EndOffset="55" SrcFileId="1" StartOffset="30"/>
</Header>
<LocList>
<Loc EndOffset="412" SrcFileId="1" StartOffset="30"/>
</LocList>
<StmntSeq Intrnl_Id="8">
<LocList>
<Loc EndOffset="73" SrcFileId="1" StartOffset="61"/>
<Loc EndOffset="95" SrcFileId="1" StartOffset="77"/>
<Loc EndOffset="393" SrcFileId="1" StartOffset="103"/>
<Loc EndOffset="408" SrcFileId="1" StartOffset="397"/>
</LocList>
<BasicStmnt CovItemId="S1" CovItemPrefix="Calculator.java" Intrnl_Id="9">
<LocList>
<Loc EndOffset="73" SrcFileId="1" StartOffset="61"/>
</LocList>
</BasicStmnt>
<BasicStmnt CovItemId="S2" CovItemPrefix="Calculator.java" Intrnl_Id="10">
<LocList>
<Loc EndOffset="95" SrcFileId="1" StartOffset="77"/>
</LocList>
</BasicStmnt>
<CondStmnt CovItemId="S3" CovItemPrefix="Calculator.java" Intrnl_Id="11">
<Branch CovItemId="B1" CovItemPrefix="Calculator.java" Implct="false" Intrnl_Id="12">
<Cond/>
<LocList>
<Loc EndOffset="156" SrcFileId="1" StartOffset="115"/>
</LocList>
<StmntSeq Intrnl_Id="13">
<LocList>
<Loc EndOffset="135" SrcFileId="1" StartOffset="121"/>
<Loc EndOffset="151" SrcFileId="1" StartOffset="140"/>
</LocList>
<BasicStmnt CovItemId="S4" CovItemPrefix="Calculator.java" Intrnl_Id="14">
<LocList>
<Loc EndOffset="135" SrcFileId="1" StartOffset="121"/>
</LocList>
</BasicStmnt>
<BasicStmnt CovItemId="S5" CovItemPrefix="Calculator.java" Intrnl_Id="15">
<LocList>
<Loc EndOffset="151" SrcFileId="1" StartOffset="140"/>
</LocList>
</BasicStmnt>
</StmntSeq>
</Branch>
<Branch CovItemId="B2" CovItemPrefix="Calculator.java" Implct="false" Intrnl_Id="16">
<Cond>
<Loc EndOffset="161" SrcFileId="1" StartOffset="157"/>
</Cond>
<LocList>
<Loc EndOffset="393" SrcFileId="1" StartOffset="162"/>
</LocList>
<StmntSeq Intrnl_Id="17">
<LocList>
<Loc EndOffset="187" SrcFileId="1" StartOffset="168"/>
<Loc EndOffset="388" SrcFileId="1" StartOffset="192"/>
</LocList>
<BasicStmnt CovItemId="S6" CovItemPrefix="Calculator.java" Intrnl_Id="18">
<LocList>
<Loc EndOffset="187" SrcFileId="1" StartOffset="168"/>
</LocList>
</BasicStmnt>
<LoopStmnt CovItemId="S7" CovItemPrefix="Calculator.java" Intrnl_Id="19" MltplExecId="L1-2" MltplExecPrefix="Calculator.java" NvrExecId="L1-0" NvrExecPrefix="Calculator.java" OnceExecutedId="L1-1" OnceExecutedPrefix="Calculator.java" OptBodyExec="true">
<StmntSeq Intrnl_Id="20">
<LocList>
<Loc EndOffset="260" SrcFileId="1" StartOffset="238"/>
<Loc EndOffset="310" SrcFileId="1" StartOffset="266"/>
<Loc EndOffset="350" SrcFileId="1" StartOffset="316"/>
<Loc EndOffset="382" SrcFileId="1" StartOffset="356"/>
</LocList>
<BasicStmnt CovItemId="S8" CovItemPrefix="Calculator.java" Intrnl_Id="21">
<LocList>
<Loc EndOffset="260" SrcFileId="1" StartOffset="238"/>
</LocList>
</BasicStmnt>
<CondStmnt CovItemId="S9" CovItemPrefix="Calculator.java" Intrnl_Id="22">
<Branch CovItemId="B3" CovItemPrefix="Calculator.java" Implct="false" Intrnl_Id="23">
<Cond/>
<LocList>
<Loc EndOffset="310" SrcFileId="1" StartOffset="282"/>
</LocList>
<StmntSeq Intrnl_Id="24">
<LocList>
<Loc EndOffset="303" SrcFileId="1" StartOffset="290"/>
</LocList>
<BasicStmnt CovItemId="S10" CovItemPrefix="Calculator.java" Intrnl_Id="25">
<LocList>
<Loc EndOffset="303" SrcFileId="1" StartOffset="290"/>
</LocList>
</BasicStmnt>
</StmntSeq>
</Branch>
<Branch CovItemId="B4" CovItemPrefix="Calculator.java" Implct="true" Intrnl_Id="26">
<Cond/>
<LocList/>
<StmntSeq Intrnl_Id="27">
<LocList/>
</StmntSeq>
</Branch>
<Keyword EndOffset="268" SrcFileId="1" StartOffset="266"/>
<LocList>
<Loc EndOffset="310" SrcFileId="1" StartOffset="266"/>
</LocList>
</CondStmnt>
<BasicStmnt CovItemId="S11" CovItemPrefix="Calculator.java" Intrnl_Id="28">
<LocList>
<Loc EndOffset="350" SrcFileId="1" StartOffset="316"/>
</LocList>
</BasicStmnt>
<BasicStmnt CovItemId="S12" CovItemPrefix="Calculator.java" Intrnl_Id="29">
<LocList>
<Loc EndOffset="382" SrcFileId="1" StartOffset="356"/>
</LocList>
</BasicStmnt>
</StmntSeq>
<Keyword EndOffset="195" SrcFileId="1" StartOffset="192"/>
<LocList>
<Loc EndOffset="388" SrcFileId="1" StartOffset="192"/>
</LocList>
</LoopStmnt>
</StmntSeq>
</Branch>
<Keyword EndOffset="105" SrcFileId="1" StartOffset="103"/>
<LocList>
<Loc EndOffset="393" SrcFileId="1" StartOffset="103"/>
</LocList>
</CondStmnt>
<BasicStmnt CovItemId="S13" CovItemPrefix="Calculator.java" Intrnl_Id="30">
<LocList>
<Loc EndOffset="408" SrcFileId="1" StartOffset="397"/>
</LocList>
</BasicStmnt>
</StmntSeq>
</HierarchyLvl>
<HierarchyLvl HierarchyLvlId="15" HierarchyLvlTypeId="2" Intrnl_Id="31" Name="getSubmatrix">
<Header>
<Loc EndOffset="471" SrcFileId="1" StartOffset="417"/>
</Header>
<LocList>
<Loc EndOffset="825" SrcFileId="1" StartOffset="417"/>
</LocList>
<StmntSeq Intrnl_Id="32">
<LocList>
<Loc EndOffset="497" SrcFileId="1" StartOffset="477"/>
<Loc EndOffset="542" SrcFileId="1" StartOffset="501"/>
<Loc EndOffset="803" SrcFileId="1" StartOffset="548"/>
<Loc EndOffset="821" SrcFileId="1" StartOffset="809"/>
</LocList>
<BasicStmnt CovItemId="S14" CovItemPrefix="Calculator.java" Intrnl_Id="33">
<LocList>
<Loc EndOffset="497" SrcFileId="1" StartOffset="477"/>
</LocList>
</BasicStmnt>
<BasicStmnt CovItemId="S15" CovItemPrefix="Calculator.java" Intrnl_Id="34">
<LocList>
<Loc EndOffset="542" SrcFileId="1" StartOffset="501"/>
</LocList>
</BasicStmnt>
<LoopStmnt CovItemId="S16" CovItemPrefix="Calculator.java" Intrnl_Id="35" MltplExecId="L2-2" MltplExecPrefix="Calculator.java" NvrExecId="L2-0" NvrExecPrefix="Calculator.java" OnceExecutedId="L2-1" OnceExecutedPrefix="Calculator.java" OptBodyExec="true">
<StmntSeq Intrnl_Id="36">
<LocList>
<Loc EndOffset="798" SrcFileId="1" StartOffset="589"/>
</LocList>
<LoopStmnt CovItemId="S17" CovItemPrefix="Calculator.java" Intrnl_Id="37" MltplExecId="L3-2" MltplExecPrefix="Calculator.java" NvrExecId="L3-0" NvrExecPrefix="Calculator.java" OnceExecutedId="L3-1" OnceExecutedPrefix="Calculator.java" OptBodyExec="true">
<StmntSeq Intrnl_Id="38">
<LocList>
<Loc EndOffset="792" SrcFileId="1" StartOffset="634"/>
</LocList>
<CondStmnt CovItemId="S18" CovItemPrefix="Calculator.java" Intrnl_Id="39">
<Branch CovItemId="B5" CovItemPrefix="Calculator.java" Implct="false" Intrnl_Id="40">
<Cond/>
<LocList>
<Loc EndOffset="693" SrcFileId="1" StartOffset="653"/>
</LocList>
<StmntSeq Intrnl_Id="41">
<LocList>
<Loc EndOffset="686" SrcFileId="1" StartOffset="661"/>
</LocList>
<BasicStmnt CovItemId="S19" CovItemPrefix="Calculator.java" Intrnl_Id="42">
<LocList>
<Loc EndOffset="686" SrcFileId="1" StartOffset="661"/>
</LocList>
</BasicStmnt>
</StmntSeq>
</Branch>
<Branch CovItemId="B6" CovItemPrefix="Calculator.java" Implct="false" Intrnl_Id="43">
<Cond>
<Loc EndOffset="698" SrcFileId="1" StartOffset="694"/>
</Cond>
<LocList>
<Loc EndOffset="792" SrcFileId="1" StartOffset="699"/>
</LocList>
<StmntSeq Intrnl_Id="44">
<LocList>
<Loc EndOffset="792" SrcFileId="1" StartOffset="699"/>
</LocList>
<CondStmnt CovItemId="S20" CovItemPrefix="Calculator.java" Intrnl_Id="45">
<Branch CovItemId="B7" CovItemPrefix="Calculator.java" Implct="false" Intrnl_Id="46">
<Cond/>
<LocList>
<Loc EndOffset="762" SrcFileId="1" StartOffset="718"/>
</LocList>
<StmntSeq Intrnl_Id="47">
<LocList>
<Loc EndOffset="755" SrcFileId="1" StartOffset="726"/>
</LocList>
<BasicStmnt CovItemId="S21" CovItemPrefix="Calculator.java" Intrnl_Id="48">
<LocList>
<Loc EndOffset="755" SrcFileId="1" StartOffset="726"/>
</LocList>
</BasicStmnt>
</StmntSeq>
</Branch>
<Branch CovItemId="B8" CovItemPrefix="Calculator.java" Implct="false" Intrnl_Id="49">
<Cond>
<Loc EndOffset="767" SrcFileId="1" StartOffset="763"/>
</Cond>
<LocList>
<Loc EndOffset="792" SrcFileId="1" StartOffset="768"/>
</LocList>
<StmntSeq Intrnl_Id="50">
<LocList>
<Loc EndOffset="785" SrcFileId="1" StartOffset="776"/>
</LocList>
<BasicStmnt CovItemId="S22" CovItemPrefix="Calculator.java" Intrnl_Id="51">
<LocList>
<Loc EndOffset="785" SrcFileId="1" StartOffset="776"/>
</LocList>
</BasicStmnt>
</StmntSeq>
</Branch>
<Keyword EndOffset="701" SrcFileId="1" StartOffset="699"/>
<LocList>
<Loc EndOffset="792" SrcFileId="1" StartOffset="699"/>
</LocList>
</CondStmnt>
</StmntSeq>
</Branch>
<Keyword EndOffset="636" SrcFileId="1" StartOffset="634"/>
<LocList>
<Loc EndOffset="792" SrcFileId="1" StartOffset="634"/>
</LocList>
</CondStmnt>
</StmntSeq>
<Keyword EndOffset="592" SrcFileId="1" StartOffset="589"/>
<LocList>
<Loc EndOffset="798" SrcFileId="1" StartOffset="589"/>
</LocList>
</LoopStmnt>
</StmntSeq>
<Keyword EndOffset="551" SrcFileId="1" StartOffset="548"/>
<LocList>
<Loc EndOffset="803" SrcFileId="1" StartOffset="548"/>
</LocList>
</LoopStmnt>
<BasicStmnt CovItemId="S23" CovItemPrefix="Calculator.java" Intrnl_Id="52">
<LocList>
<Loc EndOffset="821" SrcFileId="1" StartOffset="809"/>
</LocList>
</BasicStmnt>
</StmntSeq>
</HierarchyLvl>
<HierarchyLvl HierarchyLvlId="16" HierarchyLvlTypeId="2" Intrnl_Id="53" Name="getDim">
<Header>
<Loc EndOffset="864" SrcFileId="1" StartOffset="830"/>
</Header>
<LocList>
<Loc EndOffset="895" SrcFileId="1" StartOffset="830"/>
</LocList>
<StmntSeq Intrnl_Id="54">
<LocList>
<Loc EndOffset="891" SrcFileId="1" StartOffset="870"/>
</LocList>
<BasicStmnt CovItemId="S24" CovItemPrefix="Calculator.java" Intrnl_Id="55">
<LocList>
<Loc EndOffset="891" SrcFileId="1" StartOffset="870"/>
</LocList>
</BasicStmnt>
</StmntSeq>
</HierarchyLvl>
</HierarchyLvl>
</HierarchyLvl>
</MASTRoot>
</TestSessionContainer>
